  main.cpp
  コードを生成中...
  コンパイル中...
  imgui_impl_dx9.cpp
  imgui_draw.cpp
  imgui.cpp
  Sound.cpp
c:\users\samiy\desktop\-presentation-framework\strayforest\system\sound.cpp(343): warning C4100: 'pChunkDataPosition': 引数は関数の本体部で 1 度も参照されません。
c:\users\samiy\desktop\-presentation-framework\strayforest\system\sound.cpp(343): warning C4100: 'pChunkSize': 引数は関数の本体部で 1 度も参照されません。
c:\users\samiy\desktop\-presentation-framework\strayforest\system\sound.cpp(343): warning C4100: 'format': 引数は関数の本体部で 1 度も参照されません。
c:\users\samiy\desktop\-presentation-framework\strayforest\system\sound.cpp(343): warning C4100: 'hFile': 引数は関数の本体部で 1 度も参照されません。
c:\users\samiy\desktop\-presentation-framework\strayforest\system\sound.cpp(347): warning C4100: 'dwBufferoffset': 引数は関数の本体部で 1 度も参照されません。
c:\users\samiy\desktop\-presentation-framework\strayforest\system\sound.cpp(347): warning C4100: 'dwBuffersize': 引数は関数の本体部で 1 度も参照されません。
c:\users\samiy\desktop\-presentation-framework\strayforest\system\sound.cpp(347): warning C4100: 'pBuffer': 引数は関数の本体部で 1 度も参照されません。
c:\users\samiy\desktop\-presentation-framework\strayforest\system\sound.cpp(347): warning C4100: 'hFile': 引数は関数の本体部で 1 度も参照されません。
  Polygon3D.cpp
  Polygon2D.cpp
  MotionEffect.cpp
c:\users\samiy\desktop\-presentation-framework\strayforest\system\motioneffect.cpp(148): warning C4100: '_device': 引数は関数の本体部で 1 度も参照されません。
c:\users\samiy\desktop\-presentation-framework\strayforest\system\motioneffect.cpp(153): warning C4100: '_device': 引数は関数の本体部で 1 度も参照されません。
  Skydome.cpp
  Sea.cpp
  PlayerStamina.cpp
c:\users\samiy\desktop\-presentation-framework\strayforest\system\inheritancenode\player\playerstate\playerstamina.cpp(3): warning C4100: '_playerstate': 引数は関数の本体部で 1 度も参照されません。
  PlayerPowerUp.cpp
c:\users\samiy\desktop\-presentation-framework\strayforest\system\inheritancenode\player\playerstate\playerpowerup.cpp(3): warning C4100: '_playerstate': 引数は関数の本体部で 1 度も参照されません。
  PlayerPowerDown.cpp
c:\users\samiy\desktop\-presentation-framework\strayforest\system\inheritancenode\player\playerstate\playerpowerdown.cpp(3): warning C4100: '_playerstate': 引数は関数の本体部で 1 度も参照されません。
  PlayerMana.cpp
  PlayerMove.cpp
c:\users\samiy\desktop\-presentation-framework\strayforest\system\inheritancenode\player\playermove\playermove.cpp(20): warning C4238: 非標準の拡張機能が使用されています: 右辺値のクラスが左辺値に使用されます。
c:\users\samiy\desktop\-presentation-framework\strayforest\system\inheritancenode\player\playermove\playermove.cpp(26): warning C4238: 非標準の拡張機能が使用されています: 右辺値のクラスが左辺値に使用されます。
  PlayerAttackPattern03.cpp
c:\users\samiy\desktop\-presentation-framework\strayforest\system\inheritancenode\player\playerattack\playerattackpattern03.cpp(3): warning C4100: '_mtx_rotation': 引数は関数の本体部で 1 度も参照されません。
c:\users\samiy\desktop\-presentation-framework\strayforest\system\inheritancenode\player\playerattack\playerattackpattern03.cpp(3): warning C4100: '_mtx_position': 引数は関数の本体部で 1 度も参照されません。
c:\users\samiy\desktop\-presentation-framework\strayforest\system\inheritancenode\player\playerattack\playerattackpattern03.cpp(3): warning C4100: '_skinmesh': 引数は関数の本体部で 1 度も参照されません。
c:\users\samiy\desktop\-presentation-framework\strayforest\system\inheritancenode\player\playerattack\playerattackpattern03.cpp(3): warning C4100: '_playerstatus': 引数は関数の本体部で 1 度も参照されません。
  PlayerAttackPattern02.cpp
c:\users\samiy\desktop\-presentation-framework\strayforest\system\inheritancenode\player\playerattack\playerattackpattern02.cpp(3): warning C4100: '_mtx_rotation': 引数は関数の本体部で 1 度も参照されません。
c:\users\samiy\desktop\-presentation-framework\strayforest\system\inheritancenode\player\playerattack\playerattackpattern02.cpp(3): warning C4100: '_mtx_position': 引数は関数の本体部で 1 度も参照されません。
c:\users\samiy\desktop\-presentation-framework\strayforest\system\inheritancenode\player\playerattack\playerattackpattern02.cpp(3): warning C4100: '_skinmesh': 引数は関数の本体部で 1 度も参照されません。
c:\users\samiy\desktop\-presentation-framework\strayforest\system\inheritancenode\player\playerattack\playerattackpattern02.cpp(3): warning C4100: '_playerstatus': 引数は関数の本体部で 1 度も参照されません。
  PlayerAttackPattern01.cpp
c:\users\samiy\desktop\-presentation-framework\strayforest\system\inheritancenode\player\playerattack\playerattackpattern01.cpp(3): warning C4100: '_mtx_rotation': 引数は関数の本体部で 1 度も参照されません。
c:\users\samiy\desktop\-presentation-framework\strayforest\system\inheritancenode\player\playerattack\playerattackpattern01.cpp(3): warning C4100: '_mtx_position': 引数は関数の本体部で 1 度も参照されません。
c:\users\samiy\desktop\-presentation-framework\strayforest\system\inheritancenode\player\playerattack\playerattackpattern01.cpp(3): warning C4100: '_skinmesh': 引数は関数の本体部で 1 度も参照されません。
c:\users\samiy\desktop\-presentation-framework\strayforest\system\inheritancenode\player\playerattack\playerattackpattern01.cpp(3): warning C4100: '_playerstatus': 引数は関数の本体部で 1 度も参照されません。
  Player.cpp
  MeshFiled.cpp
  Light.cpp
  コードを生成中...
  コンパイル中...
  Instancing3D.cpp
  Guardian10.cpp
  Guardian09.cpp
  Guardian08.cpp
  Guardian07.cpp
  Guardian06.cpp
  Guardian05.cpp
  Guardian04.cpp
  Guardian03.cpp
  Guardian02.cpp
  Guardian01.cpp
  Guardian.cpp
  Camera.cpp
  BossMonsterSkillPatternB.cpp
c:\users\samiy\desktop\-presentation-framework\strayforest\system\inheritancenode\bossmonster\bossmonsterskill\bossmonsterskillpattern.h(13): warning C4100: '_bossmonster': 引数は関数の本体部で 1 度も参照されません。
c:\users\samiy\desktop\-presentation-framework\strayforest\system\inheritancenode\bossmonster\bossmonsterskill\bossmonsterskillpatternb.cpp(13): warning C4100: '_bossmonster': 引数は関数の本体部で 1 度も参照されません。
  BossMonsterSkillPatternA.cpp
c:\users\samiy\desktop\-presentation-framework\strayforest\system\inheritancenode\bossmonster\bossmonsterskill\bossmonsterskillpattern.h(13): warning C4100: '_bossmonster': 引数は関数の本体部で 1 度も参照されません。
c:\users\samiy\desktop\-presentation-framework\strayforest\system\inheritancenode\bossmonster\bossmonsterskill\bossmonsterskillpatterna.cpp(13): warning C4100: '_bossmonster': 引数は関数の本体部で 1 度も参照されません。
  BossMonsterMagicPatternC.cpp
c:\users\samiy\desktop\-presentation-framework\strayforest\system\inheritancenode\bossmonster\bossmonstermagic\bossmonstermagicpattern.h(13): warning C4100: '_bossmonster': 引数は関数の本体部で 1 度も参照されません。
c:\users\samiy\desktop\-presentation-framework\strayforest\system\inheritancenode\bossmonster\bossmonstermagic\bossmonstermagicpatternc.cpp(13): warning C4100: '_bossmonster': 引数は関数の本体部で 1 度も参照されません。
  BossMonsterMagicPatternB.cpp
c:\users\samiy\desktop\-presentation-framework\strayforest\system\inheritancenode\bossmonster\bossmonstermagic\bossmonstermagicpattern.h(13): warning C4100: '_bossmonster': 引数は関数の本体部で 1 度も参照されません。
c:\users\samiy\desktop\-presentation-framework\strayforest\system\inheritancenode\bossmonster\bossmonstermagic\bossmonstermagicpatternb.cpp(13): warning C4100: '_bossmonster': 引数は関数の本体部で 1 度も参照されません。
  BossMonsterMagicPatternA.cpp
c:\users\samiy\desktop\-presentation-framework\strayforest\system\inheritancenode\bossmonster\bossmonstermagic\bossmonstermagicpattern.h(13): warning C4100: '_bossmonster': 引数は関数の本体部で 1 度も参照されません。
c:\users\samiy\desktop\-presentation-framework\strayforest\system\inheritancenode\bossmonster\bossmonstermagic\bossmonstermagicpatterna.cpp(14): warning C4100: '_bossmonster': 引数は関数の本体部で 1 度も参照されません。
  BossMonsterAttackPatternB.cpp
c:\users\samiy\desktop\-presentation-framework\strayforest\system\inheritancenode\bossmonster\bossmonsterattack\bossmonsterattackpattern.h(13): warning C4100: '_bossmonster': 引数は関数の本体部で 1 度も参照されません。
c:\users\samiy\desktop\-presentation-framework\strayforest\system\inheritancenode\bossmonster\bossmonsterattack\bossmonsterattackpatternb.cpp(13): warning C4100: '_bossmonster': 引数は関数の本体部で 1 度も参照されません。
  BossMonsterAttackPatternA.cpp
c:\users\samiy\desktop\-presentation-framework\strayforest\system\inheritancenode\bossmonster\bossmonsterattack\bossmonsterattackpattern.h(13): warning C4100: '_bossmonster': 引数は関数の本体部で 1 度も参照されません。
c:\users\samiy\desktop\-presentation-framework\strayforest\system\inheritancenode\bossmonster\bossmonsterattack\bossmonsterattackpatterna.cpp(13): warning C4100: '_bossmonster': 引数は関数の本体部で 1 度も参照されません。
  コードを生成中...
  コンパイル中...
  BossMonster.cpp
c:\users\samiy\desktop\-presentation-framework\strayforest\system\inheritancenode\bossmonster\bossmonsterattack\bossmonsterattackpattern.h(13): warning C4100: '_bossmonster': 引数は関数の本体部で 1 度も参照されません。
c:\users\samiy\desktop\-presentation-framework\strayforest\system\inheritancenode\bossmonster\bossmonstermagic\bossmonstermagicpattern.h(13): warning C4100: '_bossmonster': 引数は関数の本体部で 1 度も参照されません。
c:\users\samiy\desktop\-presentation-framework\strayforest\system\inheritancenode\bossmonster\bossmonsterskill\bossmonsterskillpattern.h(13): warning C4100: '_bossmonster': 引数は関数の本体部で 1 度も参照されません。
c:\users\samiy\desktop\-presentation-framework\strayforest\system\inheritancenode\bossmonster\bossmonster.cpp(53): warning C4100: '_damage': 引数は関数の本体部で 1 度も参照されません。
c:\users\samiy\desktop\-presentation-framework\strayforest\system\inheritancenode\bossmonster\bossmonster.cpp(57): warning C4100: '_speed': 引数は関数の本体部で 1 度も参照されません。
c:\users\samiy\desktop\-presentation-framework\strayforest\system\inheritancenode\bossmonster\bossmonster.cpp(57): warning C4100: '_animtrack': 引数は関数の本体部で 1 度も参照されません。
c:\users\samiy\desktop\-presentation-framework\strayforest\system\inheritancenode\bossmonster\bossmonster.cpp(61): warning C4100: '_speed': 引数は関数の本体部で 1 度も参照されません。
c:\users\samiy\desktop\-presentation-framework\strayforest\system\inheritancenode\bossmonster\bossmonster.cpp(61): warning C4100: '_animtrack': 引数は関数の本体部で 1 度も参照されません。
c:\users\samiy\desktop\-presentation-framework\strayforest\system\inheritancenode\bossmonster\bossmonster.cpp(65): warning C4100: '_speed': 引数は関数の本体部で 1 度も参照されません。
c:\users\samiy\desktop\-presentation-framework\strayforest\system\inheritancenode\bossmonster\bossmonster.cpp(65): warning C4100: '_animtrack': 引数は関数の本体部で 1 度も参照されません。
c:\users\samiy\desktop\-presentation-framework\strayforest\system\inheritancenode\bossmonster\bossmonster.cpp(69): warning C4100: '_bossmonsterpattern': 引数は関数の本体部で 1 度も参照されません。
c:\users\samiy\desktop\-presentation-framework\strayforest\system\inheritancenode\bossmonster\bossmonster.cpp(73): warning C4100: '_bossmonsterskillpattern': 引数は関数の本体部で 1 度も参照されません。
c:\users\samiy\desktop\-presentation-framework\strayforest\system\inheritancenode\bossmonster\bossmonster.cpp(77): warning C4100: '_bossmonstermagicpattern': 引数は関数の本体部で 1 度も参照されません。
c:\users\samiy\desktop\-presentation-framework\strayforest\system\inheritancenode\bossmonster\bossmonster.cpp(81): warning C4100: '_bossmonsterattackpattern': 引数は関数の本体部で 1 度も参照されません。
  ModelAnim.cpp
c:\users\samiy\desktop\-presentation-framework\strayforest\skinmeshanimation\modelanim.cpp(135): warning C4100: 'pFrame': 引数は関数の本体部で 1 度も参照されません。
  StenshilShadow.cpp
c:\users\samiy\desktop\-presentation-framework\strayforest\shadow\stenshilshadow.cpp(23): warning C4189: 'device': ローカル変数が初期化されましたが、参照されていません
  ShaderManager.cpp
  EffectShaderManager.cpp
  SceneTitle.cpp
  SceneResult.cpp
  SceneGame.cpp
  Renderer.cpp
  GameManager.cpp
  TextureLoder.cpp
  ModelLoder.cpp
  CsvLoder.cpp
  input.cpp
c:\users\samiy\desktop\-presentation-framework\strayforest\inputmanager\input.cpp(40): warning C4100: 'hWnd': 引数は関数の本体部で 1 度も参照されません。
  GameObjectManager.cpp
  コードを生成中...
  StrayForest.vcxproj -> C:\Users\Samiy\Desktop\-Presentation-Framework\StrayForest\Debug\StrayForest.exe
  StrayForest.vcxproj -> C:\Users\Samiy\Desktop\-Presentation-Framework\StrayForest\Debug\StrayForest.pdb (Full PDB)
