c:\users\owner\desktop\-presentation-framework\strayforest\debug\vc140.pdb
c:\users\owner\desktop\-presentation-framework\strayforest\debug\vc140.idb
c:\users\owner\desktop\-presentation-framework\strayforest\debug\light.obj
c:\users\owner\desktop\-presentation-framework\strayforest\debug\magicobject.obj
c:\users\owner\desktop\-presentation-framework\strayforest\debug\meshfiled.obj
c:\users\owner\desktop\-presentation-framework\strayforest\debug\myeffekseer.obj
c:\users\owner\desktop\-presentation-framework\strayforest\debug\player.obj
c:\users\owner\desktop\-presentation-framework\strayforest\debug\playernomalattack.obj
c:\users\owner\desktop\-presentation-framework\strayforest\debug\playerbuff.obj
c:\users\owner\desktop\-presentation-framework\strayforest\debug\playerdebuf.obj
c:\users\owner\desktop\-presentation-framework\strayforest\debug\playerdiffence.obj
c:\users\owner\desktop\-presentation-framework\strayforest\debug\playershiled.obj
c:\users\owner\desktop\-presentation-framework\strayforest\debug\playerweapon.obj
c:\users\owner\desktop\-presentation-framework\strayforest\debug\playermagic.obj
c:\users\owner\desktop\-presentation-framework\strayforest\debug\playermove.obj
c:\users\owner\desktop\-presentation-framework\strayforest\debug\playerstate.obj
c:\users\owner\desktop\-presentation-framework\strayforest\debug\sea.obj
c:\users\owner\desktop\-presentation-framework\strayforest\debug\skydome.obj
c:\users\owner\desktop\-presentation-framework\strayforest\debug\motioneffect.obj
c:\users\owner\desktop\-presentation-framework\strayforest\debug\polygon3d.obj
c:\users\owner\desktop\-presentation-framework\strayforest\debug\sound.obj
c:\users\owner\desktop\-presentation-framework\strayforest\debug\polygon2d.obj
c:\users\owner\desktop\-presentation-framework\strayforest\debug\shadermanager.obj
c:\users\owner\desktop\-presentation-framework\strayforest\debug\stenshilshadow.obj
c:\users\owner\desktop\-presentation-framework\strayforest\debug\modelanim.obj
c:\users\owner\desktop\-presentation-framework\strayforest\debug\modelframe.obj
c:\users\owner\desktop\-presentation-framework\strayforest\debug\spherecolision.obj
c:\users\owner\desktop\-presentation-framework\strayforest\debug\bossmonster.obj
c:\users\owner\desktop\-presentation-framework\strayforest\debug\bossmonsterattackpatternc.obj
c:\users\owner\desktop\-presentation-framework\strayforest\debug\bossmonsterattackpatterna.obj
c:\users\owner\desktop\-presentation-framework\strayforest\debug\bossmonsterattackpatternb.obj
c:\users\owner\desktop\-presentation-framework\strayforest\debug\bossmonstermagicpatterna.obj
c:\users\owner\desktop\-presentation-framework\strayforest\debug\bossmonstermagicpatternb.obj
c:\users\owner\desktop\-presentation-framework\strayforest\debug\bossmonstermagicpatternc.obj
c:\users\owner\desktop\-presentation-framework\strayforest\debug\bossmonsterpattern.obj
c:\users\owner\desktop\-presentation-framework\strayforest\debug\bossmonsterpatterna.obj
c:\users\owner\desktop\-presentation-framework\strayforest\debug\bossmonsterpatternb.obj
c:\users\owner\desktop\-presentation-framework\strayforest\debug\bossmonsterpatternc.obj
c:\users\owner\desktop\-presentation-framework\strayforest\debug\bossmonsterskillpatterna.obj
c:\users\owner\desktop\-presentation-framework\strayforest\debug\camera.obj
c:\users\owner\desktop\-presentation-framework\strayforest\debug\particle.obj
c:\users\owner\desktop\-presentation-framework\strayforest\debug\instancing3d.obj
c:\users\owner\desktop\-presentation-framework\strayforest\debug\gameobjectmanager.obj
c:\users\owner\desktop\-presentation-framework\strayforest\debug\input.obj
c:\users\owner\desktop\-presentation-framework\strayforest\debug\csvloder.obj
c:\users\owner\desktop\-presentation-framework\strayforest\debug\modelloder.obj
c:\users\owner\desktop\-presentation-framework\strayforest\debug\textureloder.obj
c:\users\owner\desktop\-presentation-framework\strayforest\debug\main.obj
c:\users\owner\desktop\-presentation-framework\strayforest\debug\imgui.obj
c:\users\owner\desktop\-presentation-framework\strayforest\debug\imgui_draw.obj
c:\users\owner\desktop\-presentation-framework\strayforest\debug\imgui_impl_dx9.obj
c:\users\owner\desktop\-presentation-framework\strayforest\debug\gamemanager.obj
c:\users\owner\desktop\-presentation-framework\strayforest\debug\renderer.obj
c:\users\owner\desktop\-presentation-framework\strayforest\debug\chutorial.obj
c:\users\owner\desktop\-presentation-framework\strayforest\debug\scenegame.obj
c:\users\owner\desktop\-presentation-framework\strayforest\debug\sceneresult.obj
c:\users\owner\desktop\-presentation-framework\strayforest\debug\scenetitle.obj
c:\users\owner\desktop\-presentation-framework\strayforest\debug\effectshadermanager.obj
c:\users\owner\desktop\-presentation-framework\strayforest\debug\fade.obj
c:\users\owner\desktop\-presentation-framework\strayforest\debug\number.obj
c:\users\owner\desktop\-presentation-framework\strayforest\debug\strayforest.ilk
c:\users\owner\desktop\-presentation-framework\strayforest\debug\strayforest.exe
c:\users\owner\desktop\-presentation-framework\strayforest\debug\strayforest.pdb
c:\users\owner\desktop\-presentation-framework\strayforest\debug\itemlist.obj
c:\users\owner\desktop\-presentation-framework\strayforest\debug\modelframe.obj.enc
c:\users\owner\desktop\-presentation-framework\strayforest\debug\modelloder.obj.enc
c:\users\owner\desktop\-presentation-framework\strayforest\debug\player.obj.enc
c:\users\owner\desktop\-presentation-framework\strayforest\debug\skydome.obj.enc
c:\users\owner\desktop\-presentation-framework\strayforest\debug\strayforest.tlog\cl.command.1.tlog
c:\users\owner\desktop\-presentation-framework\strayforest\debug\strayforest.tlog\cl.read.1.tlog
c:\users\owner\desktop\-presentation-framework\strayforest\debug\strayforest.tlog\cl.write.1.tlog
c:\users\owner\desktop\-presentation-framework\strayforest\debug\strayforest.tlog\link.command.1.tlog
c:\users\owner\desktop\-presentation-framework\strayforest\debug\strayforest.tlog\link.read.1.tlog
c:\users\owner\desktop\-presentation-framework\strayforest\debug\strayforest.tlog\link.write.1.tlog
