c:\users\owner\desktop\-presentation-framework\strayforest\release\vc140.pdb
c:\users\owner\desktop\-presentation-framework\strayforest\release\modelframe.obj
c:\users\owner\desktop\-presentation-framework\strayforest\release\modelanim.obj
c:\users\owner\desktop\-presentation-framework\strayforest\release\stenshilshadow.obj
c:\users\owner\desktop\-presentation-framework\strayforest\release\shadermanager.obj
c:\users\owner\desktop\-presentation-framework\strayforest\release\effectshadermanager.obj
c:\users\owner\desktop\-presentation-framework\strayforest\release\scenetitle.obj
c:\users\owner\desktop\-presentation-framework\strayforest\release\sceneresult.obj
c:\users\owner\desktop\-presentation-framework\strayforest\release\scenegame.obj
c:\users\owner\desktop\-presentation-framework\strayforest\release\scenechutorial.obj
c:\users\owner\desktop\-presentation-framework\strayforest\release\renderer.obj
c:\users\owner\desktop\-presentation-framework\strayforest\release\gamemanager.obj
c:\users\owner\desktop\-presentation-framework\strayforest\release\imgui_impl_dx9.obj
c:\users\owner\desktop\-presentation-framework\strayforest\release\imgui_draw.obj
c:\users\owner\desktop\-presentation-framework\strayforest\release\imgui.obj
c:\users\owner\desktop\-presentation-framework\strayforest\release\main.obj
c:\users\owner\desktop\-presentation-framework\strayforest\release\textureloder.obj
c:\users\owner\desktop\-presentation-framework\strayforest\release\modelloder.obj
c:\users\owner\desktop\-presentation-framework\strayforest\release\csvloder.obj
c:\users\owner\desktop\-presentation-framework\strayforest\release\input.obj
c:\users\owner\desktop\-presentation-framework\strayforest\release\gameobjectmanager.obj
c:\users\owner\desktop\-presentation-framework\strayforest\release\light.obj
c:\users\owner\desktop\-presentation-framework\strayforest\release\instancing3d.obj
c:\users\owner\desktop\-presentation-framework\strayforest\release\fade.obj
c:\users\owner\desktop\-presentation-framework\strayforest\release\particle.obj
c:\users\owner\desktop\-presentation-framework\strayforest\release\camera.obj
c:\users\owner\desktop\-presentation-framework\strayforest\release\chutorialboss.obj
c:\users\owner\desktop\-presentation-framework\strayforest\release\bossstatus.obj
c:\users\owner\desktop\-presentation-framework\strayforest\release\bossmonsterskillpatterna.obj
c:\users\owner\desktop\-presentation-framework\strayforest\release\bossmonsterpatternc.obj
c:\users\owner\desktop\-presentation-framework\strayforest\release\bossmonsterpatternb.obj
c:\users\owner\desktop\-presentation-framework\strayforest\release\bossmonsterpatterna.obj
c:\users\owner\desktop\-presentation-framework\strayforest\release\bossmonsterpattern.obj
c:\users\owner\desktop\-presentation-framework\strayforest\release\bossmonstermagicpatternc.obj
c:\users\owner\desktop\-presentation-framework\strayforest\release\bossmonstermagicpatternb.obj
c:\users\owner\desktop\-presentation-framework\strayforest\release\bossmonstermagicpatterna.obj
c:\users\owner\desktop\-presentation-framework\strayforest\release\bossmonsterattackpatternb.obj
c:\users\owner\desktop\-presentation-framework\strayforest\release\bossmonsterattackpatterna.obj
c:\users\owner\desktop\-presentation-framework\strayforest\release\bossmonsterattackpatternc.obj
c:\users\owner\desktop\-presentation-framework\strayforest\release\bossmonster.obj
c:\users\owner\desktop\-presentation-framework\strayforest\release\spherecolision.obj
c:\users\owner\desktop\-presentation-framework\strayforest\release\sound.obj
c:\users\owner\desktop\-presentation-framework\strayforest\release\polygon3d.obj
c:\users\owner\desktop\-presentation-framework\strayforest\release\motioneffect.obj
c:\users\owner\desktop\-presentation-framework\strayforest\release\skydome.obj
c:\users\owner\desktop\-presentation-framework\strayforest\release\sea.obj
c:\users\owner\desktop\-presentation-framework\strayforest\release\playerstate.obj
c:\users\owner\desktop\-presentation-framework\strayforest\release\playermove.obj
c:\users\owner\desktop\-presentation-framework\strayforest\release\playermagic.obj
c:\users\owner\desktop\-presentation-framework\strayforest\release\playerweapon.obj
c:\users\owner\desktop\-presentation-framework\strayforest\release\playershiled.obj
c:\users\owner\desktop\-presentation-framework\strayforest\release\playerdiffence.obj
c:\users\owner\desktop\-presentation-framework\strayforest\release\playerdebuf.obj
c:\users\owner\desktop\-presentation-framework\strayforest\release\playerbuff.obj
c:\users\owner\desktop\-presentation-framework\strayforest\release\playernomalattack.obj
c:\users\owner\desktop\-presentation-framework\strayforest\release\player.obj
c:\users\owner\desktop\-presentation-framework\strayforest\release\chutorialplayer.obj
c:\users\owner\desktop\-presentation-framework\strayforest\release\number.obj
c:\users\owner\desktop\-presentation-framework\strayforest\release\myeffekseer.obj
c:\users\owner\desktop\-presentation-framework\strayforest\release\meshfiled.obj
c:\users\owner\desktop\-presentation-framework\strayforest\release\magicobject.obj
c:\users\owner\desktop\-presentation-framework\strayforest\release\polygon2d.obj
c:\users\owner\desktop\-presentation-framework\strayforest\release\scenewinresult.obj
c:\users\owner\desktop\-presentation-framework\strayforest\release\sceneloseresult.obj
c:\users\owner\desktop\-presentation-framework\strayforest\release\strayforest.ipdb
c:\users\owner\desktop\-presentation-framework\strayforest\release\strayforest.iobj
c:\users\owner\desktop\-presentation-framework\strayforest\release\strayforest.pdb
c:\users\owner\desktop\-presentation-framework\strayforest\release\strayforest.exe
c:\users\owner\desktop\-presentation-framework\strayforest\release\strayforest.tlog\cl.command.1.tlog
c:\users\owner\desktop\-presentation-framework\strayforest\release\strayforest.tlog\cl.read.1.tlog
c:\users\owner\desktop\-presentation-framework\strayforest\release\strayforest.tlog\cl.write.1.tlog
c:\users\owner\desktop\-presentation-framework\strayforest\release\strayforest.tlog\link.command.1.tlog
c:\users\owner\desktop\-presentation-framework\strayforest\release\strayforest.tlog\link.read.1.tlog
c:\users\owner\desktop\-presentation-framework\strayforest\release\strayforest.tlog\link.write.1.tlog
